1499597963290	geckodriver	INFO	Listening on 127.0.0.1:54831
1499597965356	geckodriver::marionette	INFO	Starting browser D:\Program Files (x86)\Mozilla Firefox\firefox.exe with args ["-marionette"]
1499597972188	Marionette	INFO	Listening on port 54838
1499597973140	Marionette	WARN	TLS certificate errors will be ignored for this session
1499597974463	Marionette	INFO	New connections will no longer be accepted
1499598459547	geckodriver	INFO	Listening on 127.0.0.1:54884
1499598461630	geckodriver::marionette	INFO	Starting browser D:\Program Files (x86)\Mozilla Firefox\firefox.exe with args ["-marionette"]
1499598468844	Marionette	INFO	Listening on port 54890
1499598469507	Marionette	WARN	TLS certificate errors will be ignored for this session
1499598470430	Marionette	INFO	New connections will no longer be accepted
1499613308553	geckodriver	INFO	Listening on 127.0.0.1:59479
1499613310614	geckodriver::marionette	INFO	Starting browser D:\Program Files (x86)\Mozilla Firefox\firefox.exe with args ["-marionette"]
1499613316425	Marionette	INFO	Listening on port 59485
1499613317387	Marionette	WARN	TLS certificate errors will be ignored for this session
1499613325947	Marionette	INFO	New connections will no longer be accepted
1499613426448	geckodriver	INFO	Listening on 127.0.0.1:59543
1499613428484	geckodriver::marionette	INFO	Starting browser D:\Program Files (x86)\Mozilla Firefox\firefox.exe with args ["-marionette"]
1499613435743	Marionette	INFO	Listening on port 59549
1499613436602	Marionette	WARN	TLS certificate errors will be ignored for this session
1499613445220	Marionette	INFO	New connections will no longer be accepted
1499613463934	geckodriver	INFO	Listening on 127.0.0.1:59597
1499613465981	geckodriver::marionette	INFO	Starting browser D:\Program Files (x86)\Mozilla Firefox\firefox.exe with args ["-marionette"]
1499613471277	Marionette	INFO	Listening on port 59603
1499613471917	Marionette	WARN	TLS certificate errors will be ignored for this session
1499613480222	Marionette	INFO	New connections will no longer be accepted
1499613572372	geckodriver	INFO	Listening on 127.0.0.1:59653
1499613574428	geckodriver::marionette	INFO	Starting browser D:\Program Files (x86)\Mozilla Firefox\firefox.exe with args ["-marionette"]
1499613579758	Marionette	INFO	Listening on port 59659
1499613580434	Marionette	WARN	TLS certificate errors will be ignored for this session
1499613588623	Marionette	INFO	New connections will no longer be accepted
1499675157098	geckodriver	INFO	Listening on 127.0.0.1:52648
1499675159166	geckodriver::marionette	INFO	Starting browser D:\Program Files (x86)\Mozilla Firefox\firefox.exe with args ["-marionette"]
1499675167533	Marionette	INFO	Listening on port 52659
1499675168034	Marionette	WARN	TLS certificate errors will be ignored for this session
1499675176590	Marionette	INFO	New connections will no longer be accepted
1499676345197	geckodriver	INFO	Listening on 127.0.0.1:53514
1499676347154	geckodriver::marionette	INFO	Starting browser D:\Program Files (x86)\Mozilla Firefox\firefox.exe with args ["-marionette"]
1499676367472	Marionette	INFO	Listening on port 53520
1499676368738	Marionette	WARN	TLS certificate errors will be ignored for this session
1499676380186	Marionette	INFO	New connections will no longer be accepted
1499677383013	geckodriver	INFO	Listening on 127.0.0.1:54367
1499677385143	geckodriver::marionette	INFO	Starting browser D:\Program Files (x86)\Mozilla Firefox\firefox.exe with args ["-marionette"]
1499677400492	Marionette	INFO	Listening on port 54378
1499677401430	Marionette	WARN	TLS certificate errors will be ignored for this session
1499677407051	Marionette	INFO	New connections will no longer be accepted
1499679416387	geckodriver	INFO	Listening on 127.0.0.1:55992
1499679418403	geckodriver::marionette	INFO	Starting browser D:\Program Files (x86)\Mozilla Firefox\firefox.exe with args ["-marionette"]
1499679426243	Marionette	INFO	Listening on port 55999
1499679426676	Marionette	WARN	TLS certificate errors will be ignored for this session
1499679434768	Marionette	INFO	New connections will no longer be accepted
1499680812225	geckodriver	INFO	Listening on 127.0.0.1:57065
1499680814232	geckodriver::marionette	INFO	Starting browser D:\Program Files (x86)\Mozilla Firefox\firefox.exe with args ["-marionette"]
1499680819778	Marionette	INFO	Listening on port 57073
1499680820197	Marionette	WARN	TLS certificate errors will be ignored for this session
1499680827974	Marionette	INFO	New connections will no longer be accepted
1499680828321	geckodriver	INFO	Listening on 127.0.0.1:57132
1499680830562	geckodriver::marionette	INFO	Starting browser D:\Program Files (x86)\Mozilla Firefox\firefox.exe with args ["-marionette"]
1499680835163	Marionette	INFO	Listening on port 57139
1499680835902	Marionette	WARN	TLS certificate errors will be ignored for this session
1499680837236	Marionette	INFO	New connections will no longer be accepted
1499684506215	geckodriver	INFO	Listening on 127.0.0.1:60152
1499684508247	geckodriver::marionette	INFO	Starting browser D:\Program Files (x86)\Mozilla Firefox\firefox.exe with args ["-marionette"]
1499684513430	Marionette	INFO	Listening on port 60161
1499684514020	Marionette	WARN	TLS certificate errors will be ignored for this session
1499684522140	Marionette	INFO	New connections will no longer be accepted
1499684522491	geckodriver	INFO	Listening on 127.0.0.1:60225
1499684524583	geckodriver::marionette	INFO	Starting browser D:\Program Files (x86)\Mozilla Firefox\firefox.exe with args ["-marionette"]
1499684529101	Marionette	INFO	Listening on port 60232
1499684529981	Marionette	WARN	TLS certificate errors will be ignored for this session
1499684531614	Marionette	INFO	New connections will no longer be accepted
1499686238600	geckodriver	INFO	Listening on 127.0.0.1:61473
1499686240666	geckodriver::marionette	INFO	Starting browser D:\Program Files (x86)\Mozilla Firefox\firefox.exe with args ["-marionette"]
1499686245881	Marionette	INFO	Listening on port 61479
1499686246431	Marionette	WARN	TLS certificate errors will be ignored for this session
1499686254350	Marionette	INFO	New connections will no longer be accepted
1499686254761	geckodriver	INFO	Listening on 127.0.0.1:61543
1499686256737	geckodriver::marionette	INFO	Starting browser D:\Program Files (x86)\Mozilla Firefox\firefox.exe with args ["-marionette"]
1499686261610	Marionette	INFO	Listening on port 61549
1499686261988	Marionette	WARN	TLS certificate errors will be ignored for this session
1499686263455	Marionette	INFO	New connections will no longer be accepted
1499686312201	geckodriver	INFO	Listening on 127.0.0.1:61608
1499686314228	geckodriver::marionette	INFO	Starting browser D:\Program Files (x86)\Mozilla Firefox\firefox.exe with args ["-marionette"]
1499686319337	Marionette	INFO	Listening on port 61617
1499686319680	Marionette	WARN	TLS certificate errors will be ignored for this session
1499686328115	Marionette	INFO	New connections will no longer be accepted
1499686328482	geckodriver	INFO	Listening on 127.0.0.1:61673
1499686330574	geckodriver::marionette	INFO	Starting browser D:\Program Files (x86)\Mozilla Firefox\firefox.exe with args ["-marionette"]
1499686335556	Marionette	INFO	Listening on port 61680
1499686335908	Marionette	WARN	TLS certificate errors will be ignored for this session
1499686340485	Marionette	INFO	New connections will no longer be accepted
1499689084147	geckodriver	INFO	Listening on 127.0.0.1:63808
1499689086169	geckodriver::marionette	INFO	Starting browser D:\Program Files (x86)\Mozilla Firefox\firefox.exe with args ["-marionette"]
1499689093639	Marionette	INFO	Listening on port 63821
1499689094129	Marionette	WARN	TLS certificate errors will be ignored for this session
1499689103201	Marionette	INFO	New connections will no longer be accepted
1499689103725	geckodriver	INFO	Listening on 127.0.0.1:63889
1499689105761	geckodriver::marionette	INFO	Starting browser D:\Program Files (x86)\Mozilla Firefox\firefox.exe with args ["-marionette"]
1499689112412	Marionette	INFO	Listening on port 63897
1499689113155	Marionette	WARN	TLS certificate errors will be ignored for this session
1499689117325	Marionette	INFO	New connections will no longer be accepted
1499689867160	geckodriver	INFO	Listening on 127.0.0.1:64492
1499689869177	geckodriver::marionette	INFO	Starting browser D:\Program Files (x86)\Mozilla Firefox\firefox.exe with args ["-marionette"]
1499689876317	Marionette	INFO	Listening on port 64501
1499689877619	Marionette	WARN	TLS certificate errors will be ignored for this session
1499689885450	Marionette	INFO	New connections will no longer be accepted
1499690413515	geckodriver	INFO	Listening on 127.0.0.1:64950
1499690415535	geckodriver::marionette	INFO	Starting browser D:\Program Files (x86)\Mozilla Firefox\firefox.exe with args ["-marionette"]
1499690422698	Marionette	INFO	Listening on port 64956
1499690423519	Marionette	WARN	TLS certificate errors will be ignored for this session
1499690432381	Marionette	INFO	New connections will no longer be accepted
1499692887970	geckodriver	INFO	Listening on 127.0.0.1:50562
1499692890414	geckodriver::marionette	INFO	Starting browser D:\Program Files (x86)\Mozilla Firefox\firefox.exe with args ["-marionette"]
1499692897156	Marionette	INFO	Listening on port 50568
1499692897969	Marionette	WARN	TLS certificate errors will be ignored for this session
1499692905665	Marionette	INFO	New connections will no longer be accepted
1499692905960	geckodriver	INFO	Listening on 127.0.0.1:50628
1499692908048	geckodriver::marionette	INFO	Starting browser D:\Program Files (x86)\Mozilla Firefox\firefox.exe with args ["-marionette"]
1499692912704	Marionette	INFO	Listening on port 50635
1499692913381	Marionette	WARN	TLS certificate errors will be ignored for this session
1499692917630	Marionette	INFO	New connections will no longer be accepted
1499693148628	geckodriver	INFO	Listening on 127.0.0.1:50853
1499693150674	geckodriver::marionette	INFO	Starting browser D:\Program Files (x86)\Mozilla Firefox\firefox.exe with args ["-marionette"]
1499693156159	Marionette	INFO	Listening on port 50860
1499693156994	Marionette	WARN	TLS certificate errors will be ignored for this session
1499693160233	Marionette	INFO	Ceased listening
1499693161602	geckodriver::marionette	ERROR	Failed to kill browser process
1499693248462	geckodriver	INFO	Listening on 127.0.0.1:50962
1499693250478	geckodriver::marionette	INFO	Starting browser D:\Program Files (x86)\Mozilla Firefox\firefox.exe with args ["-marionette"]
1499693255935	Marionette	INFO	Listening on port 50971
1499693256578	Marionette	WARN	TLS certificate errors will be ignored for this session
1499693264799	Marionette	INFO	New connections will no longer be accepted
1499693266600	geckodriver	INFO	Listening on 127.0.0.1:51028
1499693268671	geckodriver::marionette	INFO	Starting browser D:\Program Files (x86)\Mozilla Firefox\firefox.exe with args ["-marionette"]
1499693274650	Marionette	INFO	Listening on port 51034
1499693275168	Marionette	WARN	TLS certificate errors will be ignored for this session
1499693279780	Marionette	INFO	New connections will no longer be accepted
1499838220651	geckodriver	INFO	Listening on 127.0.0.1:65408
1499838222766	geckodriver::marionette	INFO	Starting browser D:\Program Files (x86)\Mozilla Firefox\firefox.exe with args ["-marionette"]
1499838234037	Marionette	INFO	Listening on port 65416
1499838234892	Marionette	WARN	TLS certificate errors will be ignored for this session
1499838242983	Marionette	INFO	New connections will no longer be accepted
1499838243366	geckodriver	INFO	Listening on 127.0.0.1:65477
1499838245459	geckodriver::marionette	INFO	Starting browser D:\Program Files (x86)\Mozilla Firefox\firefox.exe with args ["-marionette"]
1499838251009	Marionette	INFO	Listening on port 65483
1499838251395	Marionette	WARN	TLS certificate errors will be ignored for this session
1499838256328	Marionette	INFO	New connections will no longer be accepted
1499838435580	geckodriver	INFO	Listening on 127.0.0.1:49174
1499838437609	geckodriver::marionette	INFO	Starting browser D:\Program Files (x86)\Mozilla Firefox\firefox.exe with args ["-marionette"]
1499838442653	Marionette	INFO	Listening on port 49180
1499838443016	Marionette	WARN	TLS certificate errors will be ignored for this session
1499838450725	Marionette	INFO	New connections will no longer be accepted
1499838451053	geckodriver	INFO	Listening on 127.0.0.1:49235
1499838453069	geckodriver::marionette	INFO	Starting browser D:\Program Files (x86)\Mozilla Firefox\firefox.exe with args ["-marionette"]
1499838457989	Marionette	INFO	Listening on port 49242
1499838458464	Marionette	WARN	TLS certificate errors will be ignored for this session
1499838462943	Marionette	INFO	New connections will no longer be accepted
